
**** Build of configuration Nios II for project Synth5 ****

make all 
Info: Building ../Synth5_bsp/
make --no-print-directory -C ../Synth5_bsp/
[BSP build complete]
Info: Compiling hello_ucosii.c to obj/default/hello_ucosii.o
nios2-elf-gcc -xc -MP -MMD -c -I../Synth5_bsp//UCOSII/inc -I../Synth5_bsp//HAL/inc -I../Synth5_bsp/ -I../Synth5_bsp//drivers/inc  -DSYSTEM_BUS_WIDTH=32 -pipe -D__hal__ -DALT_NO_INSTRUCTION_EMULATION -D__ucosii__    -O0 -g -Wall   -EL -mno-hw-div -mhw-mul -mno-hw-mulx  -o obj/default/hello_ucosii.o hello_ucosii.c
hello_ucosii.c: In function 'task1':
Info: Linking Synth5.elf
hello_ucosii.c:69: warning: right shift count >= width of type
nios2-elf-g++  -T'../Synth5_bsp//linker.x' -msys-crt0='../Synth5_bsp//obj/HAL/src/crt0.o' -msys-lib=ucosii_bsp -L../Synth5_bsp/   -Wl,-Map=Synth5.map   -O0 -g -Wall   -EL -mno-hw-div -mhw-mul -mno-hw-mulx  -o Synth5.elf obj/default/MidiDriver.o obj/default/hello_ucosii.o -lm 
hello_ucosii.c:69: warning: suggest parentheses around + or - inside shift
hello_ucosii.c:62: warning: unused variable 'data'
hello_ucosii.c:27: warning: unused variable 'err'
hello_ucosii.c: In function 'task2':
hello_ucosii.c:86: warning: implicit declaration of function 'turnOnVoice'
hello_ucosii.c:88: warning: implicit declaration of function 'turnOffVoice'
nios2-elf-insert Synth5.elf --thread_model ucosii --cpu_name nios2_qsys_0 --qsys true --simulation_enabled false --id 0 --sidp 0x11090a0 --timestamp 1427239229 --stderr_dev jtag_uart_0 --stdin_dev jtag_uart_0 --stdout_dev jtag_uart_0 --sopc_system_name niosII_system --quartus_project_dir "C:/Users/eorodrig/Desktop/SynthesizerV0.1/SynthesizerV0.1" --jdi C:/Users/eorodrig/Desktop/SynthesizerV0.1/SynthesizerV0.1/niosII_microc_lab1.jdi --sopcinfo C:/Users/eorodrig/Desktop/SynthesizerV0.1/SynthesizerV0.1/niosII_system.sopcinfo
Info: (Synth5.elf) 117 KBytes program size (code + initialized data).
Info:              8067 KBytes free for stack + heap.
Info: Creating Synth5.objdump
nios2-elf-objdump --disassemble --syms --all-header --source Synth5.elf >Synth5.objdump
[Synth5 build complete]

**** Build Finished ****

**** Build of configuration Nios II for project Synth5 ****

make all 
Info: Building ../Synth5_bsp/
make --no-print-directory -C ../Synth5_bsp/
[BSP build complete]
[Synth5 build complete]

**** Build Finished ****

**** Build of configuration Nios II for project Synth5 ****

make all 
Info: Building ../Synth5_bsp/
make --no-print-directory -C ../Synth5_bsp/
[BSP build complete]
[Synth5 build complete]

**** Build Finished ****
